Arguments: 
  /Users/bobwall/.nvm/versions/node/v10.19.0/bin/node /Users/bobwall/.yarn/bin/yarn.js add moment

PATH: 
  /Users/bobwall/.nvm/versions/node/v10.19.0/bin:/Users/bobwall/.serverless/bin:/Users/bobwall/.yarn/bin:/Users/bobwall/.config/yarn/global/node_modules/.bin:/Users/bobwall/.nvm/versions/node/v8.16.0/bin:/usr/local/bin:/usr/local/bin:/usr/bin:/bin:/usr/sbin:/sbin:/Users/bobwall/.serverless/bin:/Users/bobwall/.yarn/bin:/Users/bobwall/.config/yarn/global/node_modules/.bin:/Users/bobwall/.nvm/versions/node/v8.16.0/bin

Yarn version: 
  1.22.5

Node version: 
  10.19.0

Platform: 
  darwin x64

Trace: 
  SyntaxError: /Users/bobwall/Development/commandeer/open/sample-apps/robinhood-for-reddit/package.json: Unexpected end of JSON input
      at JSON.parse (<anonymous>)
      at /Users/bobwall/.yarn/lib/cli.js:1625:59
      at Generator.next (<anonymous>)
      at step (/Users/bobwall/.yarn/lib/cli.js:310:30)
      at /Users/bobwall/.yarn/lib/cli.js:321:13

npm manifest: 
  

yarn manifest: 
  No manifest

Lockfile: 
  No lockfile
